[19:24:41] [Datafixer Bootstrap/INFO]: 269 Datafixer optimizations took 430 milliseconds
[19:24:45] [Render thread/INFO]: Environment: Environment[sessionHost=https://sessionserver.mojang.com, servicesHost=https://api.minecraftservices.com, name=PROD]
[19:24:45] [Render thread/INFO]: Setting user: sigma_svinka
[19:24:45] [Render thread/INFO]: Backend library: LWJGL version 3.3.3+5
[19:24:46] [Render thread/INFO]: Using optional rendering extensions: GL_ARB_buffer_storage, GL_KHR_debug, GL_ARB_vertex_attrib_binding, GL_ARB_direct_state_access
[19:24:46] [Render thread/INFO]: Reloading ResourceManager: vanilla
[19:24:46] [Worker-Main-9/INFO]: Found unifont_all_no_pua-16.0.03.hex, loading
[19:24:46] [Worker-Main-10/INFO]: Found unifont_pua-16.0.03.hex, loading
[19:24:46] [Worker-Main-8/INFO]: Found unifont_jp_patch-16.0.03.hex, loading
[19:24:47] [Render thread/INFO]: OpenAL initialized on device OpenAL Soft on Динамики (High Definition Audio Device)
[19:24:47] [Render thread/INFO]: Sound engine started
[19:24:47] [Render thread/INFO]: Created: 1024x512x4 minecraft:textures/atlas/blocks.png-atlas
[19:24:47] [Render thread/INFO]: Created: 256x256x4 minecraft:textures/atlas/signs.png-atlas
[19:24:47] [Render thread/INFO]: Created: 512x512x4 minecraft:textures/atlas/banner_patterns.png-atlas
[19:24:47] [Render thread/INFO]: Created: 512x512x4 minecraft:textures/atlas/shield_patterns.png-atlas
[19:24:47] [Render thread/INFO]: Created: 2048x1024x4 minecraft:textures/atlas/armor_trims.png-atlas
[19:24:47] [Render thread/INFO]: Created: 256x256x4 minecraft:textures/atlas/chest.png-atlas
[19:24:47] [Render thread/INFO]: Created: 128x64x4 minecraft:textures/atlas/decorated_pot.png-atlas
[19:24:47] [Render thread/INFO]: Created: 512x256x4 minecraft:textures/atlas/shulker_boxes.png-atlas
[19:24:47] [Render thread/INFO]: Created: 512x256x4 minecraft:textures/atlas/beds.png-atlas
[19:24:47] [Render thread/INFO]: Created: 64x64x0 minecraft:textures/atlas/map_decorations.png-atlas
[19:24:47] [Render thread/INFO]: Created: 512x256x0 minecraft:textures/atlas/particles.png-atlas
[19:24:47] [Render thread/INFO]: Created: 512x256x0 minecraft:textures/atlas/paintings.png-atlas
[19:24:47] [Render thread/INFO]: Created: 1024x512x0 minecraft:textures/atlas/gui.png-atlas
[19:24:52] [Render thread/INFO]: Connecting to _CKOTOMOGILNIK.aternos.me, 19477
[19:24:53] [Render thread/INFO]: Loaded 64 advancements
[19:24:53] [Render thread/INFO]: Resizing Dynamic Transforms UBO, capacity limit of 2 reached during a single frame. New capacity will be 4.
[19:24:53] [Render thread/INFO]: Resizing Dynamic Transforms UBO, capacity limit of 4 reached during a single frame. New capacity will be 8.
[19:24:54] [Render thread/INFO]: Resizing Dynamic Transforms UBO, capacity limit of 8 reached during a single frame. New capacity will be 16.
[19:24:54] [Render thread/INFO]: Resizing Dynamic Transforms UBO, capacity limit of 16 reached during a single frame. New capacity will be 32.
[19:24:54] [Render thread/INFO]: Resizing Dynamic Transforms UBO, capacity limit of 32 reached during a single frame. New capacity will be 64.
[19:24:54] [Render thread/INFO]: Resizing Dynamic Transforms UBO, capacity limit of 64 reached during a single frame. New capacity will be 128.
[19:24:54] [Render thread/INFO]: Resizing Dynamic Transforms UBO, capacity limit of 128 reached during a single frame. New capacity will be 256.
[19:24:54] [Render thread/INFO]: Resizing Dynamic Transforms UBO, capacity limit of 256 reached during a single frame. New capacity will be 512.
[19:25:09] [Render thread/INFO]: Resizing Dynamic Transforms UBO, capacity limit of 512 reached during a single frame. New capacity will be 1024.
[19:27:17] [Render thread/INFO]: [System] [CHAT] lenin_0_0 застрелен Скелет
[19:27:21] [Render thread/INFO]: [System] [CHAT] sigma_svinka получил достижение «[Охотник на монстров]»
[19:27:21] [Render thread/INFO]: Loaded 67 advancements
[19:27:57] [Render thread/INFO]: [System] [CHAT] sigma_svinka был убит Паук
[19:28:09] [Render thread/INFO]: Loaded 68 advancements
[19:28:13] [Render thread/INFO]: [System] [CHAT] sigma_svinka получил достижение «[Каменный век]»
[19:28:13] [Render thread/INFO]: Loaded 83 advancements
[19:30:03] [Render thread/INFO]: [System] [CHAT] sigma_svinka свалился благодаря Зомби
[19:31:31] [Render thread/INFO]: [System] [CHAT] sigma_svinka был убит Зомби
[19:31:42] [Render thread/WARN]: Unable to play empty soundEvent: minecraft:entity.salmon.ambient
[19:31:44] [Render thread/INFO]: Loaded 83 advancements
[19:31:46] [Render thread/INFO]: Loaded 93 advancements
[19:32:35] [Render thread/INFO]: [System] [CHAT] sigma_svinka получил достижение «[Обновка!]»
[19:32:35] [Render thread/INFO]: Loaded 97 advancements
[19:33:06] [Render thread/INFO]: [System] [CHAT] lenin_0_0 был убит Зомби
[19:33:14] [Render thread/INFO]: [System] [CHAT] lenin_0_0 был взорван Крипер
[19:33:18] [Render thread/WARN]: Received passengers for unknown entity
[19:33:49] [Render thread/INFO]: Loaded 97 advancements
[19:35:53] [Render thread/INFO]: Loaded 100 advancements
[19:36:09] [Render thread/INFO]: Loaded 103 advancements
[19:37:02] [Render thread/INFO]: Loaded 125 advancements
[19:37:28] [Render thread/INFO]: Loaded 127 advancements
[19:37:29] [Render thread/INFO]: Loaded 128 advancements
[19:37:31] [Render thread/INFO]: Loaded 131 advancements
[19:38:31] [Render thread/INFO]: Loaded 149 advancements
[19:38:35] [Render thread/INFO]: Loaded 160 advancements
[19:38:45] [Render thread/INFO]: Loaded 171 advancements
[19:39:02] [Render thread/INFO]: Loaded 181 advancements
[19:40:46] [Render thread/INFO]: [System] [CHAT] sigma_svinka получил достижение «[Куй железо...]»
[19:40:46] [Render thread/INFO]: Loaded 208 advancements
[19:40:47] [Render thread/INFO]: Loaded 209 advancements
[19:40:47] [Render thread/INFO]: Loaded 210 advancements
[19:40:50] [Render thread/INFO]: Loaded 223 advancements
[19:41:04] [Render thread/INFO]: Loaded 223 advancements
[19:41:53] [Render thread/INFO]: [System] [CHAT] sashka присоединился к игре
[19:44:09] [Render thread/INFO]: [System] [CHAT] sashka утонул
[19:44:35] [Render thread/INFO]: [System] [CHAT] lenin_0_0 покинул игру
[19:45:40] [Render thread/INFO]: Loaded 223 advancements
[19:46:30] [Render thread/INFO]: [System] [CHAT] sashka получил достижение «[Каменный век]»
[19:47:12] [Render thread/INFO]: [System] [CHAT] sashka получил достижение «[Охотник на монстров]»
[19:47:21] [Render thread/INFO]: Loaded 226 advancements
[19:47:38] [Render thread/INFO]: [System] [CHAT] sashka застрелен Скелет
[19:47:41] [Render thread/INFO]: Loaded 228 advancements
[19:47:45] [Render thread/INFO]: [System] [CHAT] sigma_svinka застрелен Скелет
[19:49:38] [Render thread/INFO]: Loaded 228 advancements
[19:49:39] [Render thread/INFO]: Loaded 236 advancements
[19:50:53] [Render thread/INFO]: [System] [CHAT] sigma_svinka был убит Зомби
[19:51:05] [Render thread/INFO]: [System] [CHAT] sashka получил достижение «[Обновка!]»
[19:51:50] [Render thread/INFO]: [System] [CHAT] lenin_1916 присоединился к игре
[19:53:11] [Render thread/INFO]: Loaded 236 advancements
[19:53:23] [Render thread/INFO]: [System] [CHAT] sashka был убит lenin_1916
[19:54:28] [Render thread/INFO]: Loaded 236 advancements
[19:56:15] [Render thread/INFO]: Loaded 238 advancements
[19:57:50] [Render thread/INFO]: [System] [CHAT] lenin_1916 покинул игру
[20:01:51] [Render thread/INFO]: Loaded 239 advancements
[20:07:06] [Render thread/INFO]: Loaded 245 advancements
[20:07:08] [Render thread/INFO]: Loaded 246 advancements
[20:07:16] [Render thread/INFO]: Loaded 249 advancements
[20:08:21] [Render thread/INFO]: Loaded 250 advancements
[20:09:59] [Render thread/INFO]: [System] [CHAT] lenin_1916 присоединился к игре
[20:10:15] [Render thread/INFO]: Loaded 250 advancements
[20:14:03] [Render thread/INFO]: [System] [CHAT] lenin_1916 получил достижение «[Каменный век]»
[20:14:18] [Render thread/INFO]: [System] [CHAT] lenin_1916 получил достижение «[Обновка!]»
[20:14:49] [Render thread/INFO]: Loaded 252 advancements
[20:14:49] [Render thread/INFO]: Loaded 254 advancements
[20:15:14] [Render thread/INFO]: Loaded 259 advancements
[20:18:25] [Render thread/INFO]: Loaded 260 advancements
[20:19:35] [Render thread/INFO]: [System] [CHAT] sigma_svinka получил достижение «[И кирка без дела ржавеет]»
[20:19:35] [Render thread/INFO]: Loaded 264 advancements
[20:20:22] [Render thread/INFO]: Loaded 265 advancements
[20:25:51] [Render thread/INFO]: [System] [CHAT] sashka был убит Крестьянин-зомби
[20:27:16] [Render thread/INFO]: [System] [CHAT] sashka покинул игру
[20:27:28] [Render thread/INFO]: [System] [CHAT] sashka присоединился к игре
[20:31:51] [Render thread/INFO]: [System] [CHAT] lenin_1916 был убит Эндермен
[20:32:22] [Render thread/INFO]: [System] [CHAT] sashka застрелен Скелет
[20:37:32] [Render thread/INFO]: [System] [CHAT] Точка возрождения установлена
[20:37:47] [Render thread/INFO]: Loaded 266 advancements
[20:37:48] [Render thread/INFO]: Loaded 267 advancements
[20:38:19] [Render thread/INFO]: [System] [CHAT] sashka был убит sigma_svinka
[20:41:53] [Render thread/INFO]: [System] [CHAT] lenin_1916 утонул
[20:42:42] [Render thread/INFO]: [System] [CHAT] lenin_1916 утонул
[20:45:14] [Render thread/INFO]: [System] [CHAT] lenin_1916 разбился насмерть
[20:45:23] [Render thread/INFO]: [System] [CHAT] sashka был убит Зомби
[20:46:32] [Render thread/INFO]: Loaded 270 advancements
[20:46:33] [Render thread/INFO]: Loaded 273 advancements
[20:46:34] [Render thread/INFO]: Loaded 276 advancements
[20:47:45] [Render thread/INFO]: Loaded 278 advancements
[20:47:57] [Render thread/INFO]: Loaded 286 advancements
[20:48:08] [Render thread/INFO]: [System] [CHAT] sashka получил достижение «[Куй железо...]»
[20:49:53] [Render thread/INFO]: [System] [CHAT] sashka получил достижение «[На крючке]»
[20:53:59] [Render thread/INFO]: [System] [CHAT] Точка возрождения установлена
[20:55:20] [Render thread/INFO]: [System] [CHAT] sashka был взорван Крипер
[20:56:50] [Render thread/INFO]: [System] [CHAT] lenin_1916 был взорван Крипер
[21:03:42] [Render thread/INFO]: [System] [CHAT] lenin_1916 получил достижение «[Куй железо...]»
[21:05:00] [Render thread/INFO]: [System] [CHAT] lenin_1916 получил достижение «[И кирка без дела ржавеет]»
[21:11:33] [Render thread/INFO]: [System] [CHAT] sigma_svinka был убит Фантом
[21:17:45] [Render thread/INFO]: Loaded 304 advancements
[21:18:04] [Render thread/INFO]: [System] [CHAT] Точка возрождения установлена
[21:18:11] [Render thread/INFO]: Loaded 320 advancements
[21:18:20] [Render thread/INFO]: [System] [CHAT] lenin_1916 получил достижение «[Горячая штучка]»
[21:19:07] [Render thread/INFO]: [System] [CHAT] sashka получил достижение «[И кирка без дела ржавеет]»
[21:28:54] [Render thread/INFO]: [System] [CHAT] lenin_1916 покинул игру
[21:34:48] [Render thread/INFO]: [System] [CHAT] lenin_1916 присоединился к игре
[21:35:17] [Render thread/INFO]: [System] [CHAT] lenin_1916 решил поплавать в лаве
[21:37:45] [Render thread/INFO]: [System] [CHAT] lenin_1916 получил достижение «[Огненные недра]»
[21:38:36] [Render thread/INFO]: [System] [CHAT] lenin_1916 сгорел заживо
[21:39:17] [Render thread/INFO]: [Not Secure] [CHAT] <sigma_svinka> Прогнали
[21:39:20] [Render thread/INFO]: Stopping!
